{
  "stats": {
    "suites": 6,
    "tests": 46,
    "passes": 41,
    "pending": 0,
    "failures": 5,
    "testsRegistered": 46,
    "passPercent": 89.1304347826087,
    "pendingPercent": 0,
    "other": 0,
    "hasOther": false,
    "skipped": 0,
    "hasSkipped": false,
    "start": "2024-04-05T13:37:47.162Z",
    "end": "2024-04-05T13:38:23.443Z",
    "duration": 36281
  },
  "results": [
    {
      "uuid": "cd879d25-1628-49f4-87e5-b4c868ac2063",
      "title": "",
      "fullFile": "cypress\\e2e\\frontend\\add-product.cy.js",
      "file": "cypress\\e2e\\frontend\\add-product.cy.js",
      "beforeHooks": [],
      "afterHooks": [],
      "tests": [],
      "suites": [
        {
          "uuid": "07e7047f-bae2-4121-ac3f-b53479eec715",
          "title": "Page /products/add",
          "fullFile": "",
          "file": "",
          "beforeHooks": [],
          "afterHooks": [],
          "tests": [
            {
              "title": "post product",
              "fullTitle": "Page /products/add post product",
              "timedOut": null,
              "duration": 975,
              "state": "passed",
              "speed": "fast",
              "pass": true,
              "fail": false,
              "pending": false,
              "context": null,
              "code": "// Note : Test le scénario d'un ajout de produit réussi\ncy.visit(url, {\n  onBeforeLoad: function (window) {\n    window.localStorage.setItem(\"token\", _tokens.aliceToken);\n  }\n});\n(0, _orm.createProduct)().then(({\n  originalProduct,\n  product\n}) => {\n  cy.get(\"[data-test-product-name]\").type(product.name);\n  cy.get(\"[data-test-product-description]\").type(product.description);\n  cy.get(\"[data-test-product-category]\").type(product.category);\n  cy.get(\"[data-test-product-price]\").type(product.originalPrice);\n  cy.get(\"[data-test-product-picture]\").type(\"{selectAll}{del}\");\n  cy.get(\"[data-test-product-picture]\").type(product.pictureUrl);\n  cy.get(\"[data-test-product-end-date]\").type((0, _automate.prepareDateToType)(originalProduct.endDate));\n  cy.intercept(\"POST\", \"http://localhost:3000/api/products\").as(\"postProduct\");\n  cy.get(\"[data-test-submit]\").click();\n  cy.wait(\"@postProduct\").then(interception => {\n    expect(interception.response.statusCode).to.eq(201);\n    const id = interception.response.body.id;\n    cy.url().should(\"contain\", `/products/${id}`);\n  });\n});",
              "err": {},
              "uuid": "723a5368-56c0-40aa-8304-8587265e9edb",
              "parentUUID": "07e7047f-bae2-4121-ac3f-b53479eec715",
              "isHook": false,
              "skipped": false
            },
            {
              "title": "display spinner",
              "fullTitle": "Page /products/add display spinner",
              "timedOut": null,
              "duration": 202,
              "state": "passed",
              "speed": "fast",
              "pass": true,
              "fail": false,
              "pending": false,
              "context": null,
              "code": "// Note : Test la présence d'un spinner lors de l'envoi de la requête\ncy.visit(url, {\n  onBeforeLoad: function (window) {\n    window.localStorage.setItem(\"token\", _tokens.aliceToken);\n  }\n});\n(0, _orm.createProduct)().then(({\n  originalProduct,\n  product\n}) => {\n  cy.get(\"[data-test-product-name]\").type(product.name);\n  cy.get(\"[data-test-product-description]\").type(product.description);\n  cy.get(\"[data-test-product-category]\").type(product.category);\n  cy.get(\"[data-test-product-price]\").type(product.originalPrice);\n  cy.get(\"[data-test-product-picture]\").type(\"{selectAll}{del}\");\n  cy.get(\"[data-test-product-picture]\").type(product.pictureUrl);\n  cy.get(\"[data-test-product-end-date]\").type((0, _automate.prepareDateToType)(originalProduct.endDate));\n  cy.intercept(\"POST\", \"http://localhost:3000/api/products\", {\n    delay: 2000\n  }).as(\"postProduct\");\n  cy.get(\"[data-test-submit]\").click();\n  cy.get(\"[data-test-submit]\").should(\"have.attr\", \"disabled\");\n  cy.get(\"[data-test-spinner]\").should(\"exist\");\n});",
              "err": {},
              "uuid": "6d9c8167-2c45-4069-994b-fb29102ecd0c",
              "parentUUID": "07e7047f-bae2-4121-ac3f-b53479eec715",
              "isHook": false,
              "skipped": false
            },
            {
              "title": "display error",
              "fullTitle": "Page /products/add display error",
              "timedOut": null,
              "duration": 207,
              "state": "passed",
              "speed": "fast",
              "pass": true,
              "fail": false,
              "pending": false,
              "context": null,
              "code": "// Note : Test le scénario d'un ajout de produit avec un échec\ncy.visit(url, {\n  onBeforeLoad: function (window) {\n    window.localStorage.setItem(\"token\", _tokens.aliceToken);\n  }\n});\ncy.get(\"[data-test-error]\").should(\"not.exist\");\n(0, _orm.createProduct)().then(({\n  originalProduct,\n  product\n}) => {\n  cy.get(\"[data-test-product-name]\").type(product.name);\n  cy.get(\"[data-test-product-description]\").type(product.description);\n  cy.get(\"[data-test-product-category]\").type(product.category);\n  cy.get(\"[data-test-product-price]\").type(product.originalPrice);\n  cy.get(\"[data-test-product-picture]\").type(\"{selectAll}{del}\");\n  cy.get(\"[data-test-product-picture]\").type(product.pictureUrl);\n  cy.get(\"[data-test-product-end-date]\").type((0, _automate.prepareDateToType)(originalProduct.endDate));\n  cy.intercept(\"POST\", \"http://localhost:3000/api/products\", {\n    statusCode: 500\n  }).as(\"postProduct\");\n  cy.get(\"[data-test-submit]\").click();\n  cy.get(\"[data-test-error]\").should(\"exist\");\n});",
              "err": {},
              "uuid": "653a19ed-4348-45c6-b54e-c08e2cc60fa5",
              "parentUUID": "07e7047f-bae2-4121-ac3f-b53479eec715",
              "isHook": false,
              "skipped": false
            }
          ],
          "suites": [],
          "passes": [
            "723a5368-56c0-40aa-8304-8587265e9edb",
            "6d9c8167-2c45-4069-994b-fb29102ecd0c",
            "653a19ed-4348-45c6-b54e-c08e2cc60fa5"
          ],
          "failures": [],
          "pending": [],
          "skipped": [],
          "duration": 1384,
          "root": false,
          "rootEmpty": false,
          "_timeout": 2000
        }
      ],
      "passes": [],
      "failures": [],
      "pending": [],
      "skipped": [],
      "duration": 0,
      "root": true,
      "rootEmpty": true,
      "_timeout": 2000
    },
    {
      "uuid": "9612e555-6cb7-40d4-bf46-a0d9d35116b5",
      "title": "",
      "fullFile": "cypress\\e2e\\frontend\\edit-product.cy.js",
      "file": "cypress\\e2e\\frontend\\edit-product.cy.js",
      "beforeHooks": [],
      "afterHooks": [],
      "tests": [],
      "suites": [
        {
          "uuid": "cf2fc75a-eb66-42f6-8693-3c0958b55e25",
          "title": "Page /products/:productId/edit",
          "fullFile": "",
          "file": "",
          "beforeHooks": [],
          "afterHooks": [],
          "tests": [
            {
              "title": "post product",
              "fullTitle": "Page /products/:productId/edit post product",
              "timedOut": null,
              "duration": 103,
              "state": "passed",
              "speed": "fast",
              "pass": true,
              "fail": false,
              "pending": false,
              "context": null,
              "code": "(0, _orm.createProduct)().then(({\n  product\n}) => {\n  // Note : Test le scénario de modification de produit réussi\n  cy.visit(`http://localhost:5173/products/${product.id}/edit`, {\n    onBeforeLoad: function (window) {\n      window.localStorage.setItem(\"token\", _tokens.aliceToken);\n    }\n  });\n  const newProduct = (0, _orm.buildProduct)();\n  cy.get(\"[data-test-product-name]\").type(\"{selectAll}{del}\");\n  cy.get(\"[data-test-product-name]\").type(newProduct.name);\n  cy.get(\"[data-test-product-description]\").type(\"{selectAll}{del}\");\n  cy.get(\"[data-test-product-description]\").type(newProduct.description);\n  cy.get(\"[data-test-product-category]\").type(\"{selectAll}{del}\");\n  cy.get(\"[data-test-product-category]\").type(newProduct.category);\n  cy.get(\"[data-test-product-price]\").type(\"{selectAll}{del}\");\n  cy.get(\"[data-test-product-price]\").type(newProduct.originalPrice);\n  cy.get(\"[data-test-product-picture]\").type(\"{selectAll}{del}\");\n  cy.get(\"[data-test-product-picture]\").type(newProduct.pictureUrl);\n  cy.get(\"[data-test-product-end-date]\").type(\"{selectAll}{del}\");\n  cy.get(\"[data-test-product-end-date]\").type((0, _automate.prepareDateToType)(newProduct.endDate));\n  cy.intercept(\"PUT\", \"http://localhost:3000/api/products/\" + product.id).as(\"putProduct\");\n  cy.get(\"[data-test-submit]\").click();\n  cy.wait(\"@putProduct\").then(interception => {\n    expect(interception.response.statusCode).to.eq(200);\n    const id = interception.response.body.id;\n    cy.url().should(\"contain\", `/products/${id}`);\n  });\n});",
              "err": {},
              "uuid": "a5834cac-4552-467d-9595-058198518a1b",
              "parentUUID": "cf2fc75a-eb66-42f6-8693-3c0958b55e25",
              "isHook": false,
              "skipped": false
            },
            {
              "title": "display spinner",
              "fullTitle": "Page /products/:productId/edit display spinner",
              "timedOut": null,
              "duration": 94,
              "state": "passed",
              "speed": "fast",
              "pass": true,
              "fail": false,
              "pending": false,
              "context": null,
              "code": "// Note : Test la présence d'un spinner lors de l'envoi de la requête\n(0, _orm.createProduct)().then(({\n  product\n}) => {\n  cy.visit(`http://localhost:5173/products/${product.id}/edit`, {\n    onBeforeLoad: function (window) {\n      window.localStorage.setItem(\"token\", _tokens.aliceToken);\n    }\n  });\n  const newProduct = (0, _orm.buildProduct)();\n  cy.get(\"[data-test-product-name]\").type(\"{selectAll}{del}\");\n  cy.get(\"[data-test-product-name]\").type(newProduct.name);\n  cy.get(\"[data-test-product-description]\").type(\"{selectAll}{del}\");\n  cy.get(\"[data-test-product-description]\").type(newProduct.description);\n  cy.get(\"[data-test-product-category]\").type(\"{selectAll}{del}\");\n  cy.get(\"[data-test-product-category]\").type(newProduct.category);\n  cy.get(\"[data-test-product-price]\").type(\"{selectAll}{del}\");\n  cy.get(\"[data-test-product-price]\").type(newProduct.originalPrice);\n  cy.get(\"[data-test-product-picture]\").type(\"{selectAll}{del}\");\n  cy.get(\"[data-test-product-picture]\").type(newProduct.pictureUrl);\n  cy.get(\"[data-test-product-end-date]\").type(\"{selectAll}{del}\");\n  cy.get(\"[data-test-product-end-date]\").type((0, _automate.prepareDateToType)(newProduct.endDate));\n  cy.intercept(\"PUT\", \"http://localhost:3000/api/products/\" + product.id, {\n    delay: 2000\n  }).as(\"putProduct\");\n  cy.get(\"[data-test-submit]\").click();\n  cy.get(\"[data-test-submit]\").should(\"have.attr\", \"disabled\");\n  cy.get(\"[data-test-spinner]\").should(\"exist\");\n});",
              "err": {},
              "uuid": "b8a8d01a-0a85-40c0-958c-41a23feb3070",
              "parentUUID": "cf2fc75a-eb66-42f6-8693-3c0958b55e25",
              "isHook": false,
              "skipped": false
            },
            {
              "title": "display error",
              "fullTitle": "Page /products/:productId/edit display error",
              "timedOut": null,
              "duration": 102,
              "state": "passed",
              "speed": "fast",
              "pass": true,
              "fail": false,
              "pending": false,
              "context": null,
              "code": "// Note : Test le scénario d'un ajout de produit avec un échec\n(0, _orm.createProduct)().then(({\n  product\n}) => {\n  cy.visit(`http://localhost:5173/products/${product.id}/edit`, {\n    onBeforeLoad: function (window) {\n      window.localStorage.setItem(\"token\", _tokens.aliceToken);\n    }\n  });\n  cy.get(\"[data-test-error]\").should(\"not.exist\");\n  const newProduct = (0, _orm.buildProduct)();\n  cy.get(\"[data-test-product-name]\").type(\"{selectAll}{del}\");\n  cy.get(\"[data-test-product-name]\").type(newProduct.name);\n  cy.get(\"[data-test-product-description]\").type(\"{selectAll}{del}\");\n  cy.get(\"[data-test-product-description]\").type(newProduct.description);\n  cy.get(\"[data-test-product-category]\").type(\"{selectAll}{del}\");\n  cy.get(\"[data-test-product-category]\").type(newProduct.category);\n  cy.get(\"[data-test-product-price]\").type(\"{selectAll}{del}\");\n  cy.get(\"[data-test-product-price]\").type(newProduct.originalPrice);\n  cy.get(\"[data-test-product-picture]\").type(\"{selectAll}{del}\");\n  cy.get(\"[data-test-product-picture]\").type(newProduct.pictureUrl);\n  cy.get(\"[data-test-product-end-date]\").type(\"{selectAll}{del}\");\n  cy.get(\"[data-test-product-end-date]\").type((0, _automate.prepareDateToType)(newProduct.endDate));\n  cy.intercept(\"PUT\", \"http://localhost:3000/api/products/\" + product.id, {\n    statusCode: 500\n  }).as(\"putProduct\");\n  cy.get(\"[data-test-submit]\").click();\n  cy.get(\"[data-test-error]\").should(\"exist\");\n});",
              "err": {},
              "uuid": "5c7fbb3c-48ad-48b9-beef-6309c2e0aae2",
              "parentUUID": "cf2fc75a-eb66-42f6-8693-3c0958b55e25",
              "isHook": false,
              "skipped": false
            }
          ],
          "suites": [],
          "passes": [
            "a5834cac-4552-467d-9595-058198518a1b",
            "b8a8d01a-0a85-40c0-958c-41a23feb3070",
            "5c7fbb3c-48ad-48b9-beef-6309c2e0aae2"
          ],
          "failures": [],
          "pending": [],
          "skipped": [],
          "duration": 299,
          "root": false,
          "rootEmpty": false,
          "_timeout": 2000
        }
      ],
      "passes": [],
      "failures": [],
      "pending": [],
      "skipped": [],
      "duration": 0,
      "root": true,
      "rootEmpty": true,
      "_timeout": 2000
    },
    {
      "uuid": "6c0aa2b7-899a-4708-b8d0-1d7cb0c23678",
      "title": "",
      "fullFile": "cypress\\e2e\\frontend\\home.cy.js",
      "file": "cypress\\e2e\\frontend\\home.cy.js",
      "beforeHooks": [],
      "afterHooks": [],
      "tests": [],
      "suites": [
        {
          "uuid": "0af81d4c-29cf-49db-9166-7ae840e7bdfa",
          "title": "Page /",
          "fullFile": "",
          "file": "",
          "beforeHooks": [],
          "afterHooks": [],
          "tests": [
            {
              "title": "fetch products",
              "fullTitle": "Page / fetch products",
              "timedOut": null,
              "duration": 711,
              "state": "passed",
              "speed": "fast",
              "pass": true,
              "fail": false,
              "pending": false,
              "context": null,
              "code": "// Note : Test le scénario de récupération et d'affichage de tous les produits\ncy.visit(url);\ncy.get(\"[data-test-product]\").should(\"have.length\", 17);",
              "err": {},
              "uuid": "b91eaa46-f3b4-467d-951d-35412da18250",
              "parentUUID": "0af81d4c-29cf-49db-9166-7ae840e7bdfa",
              "isHook": false,
              "skipped": false
            },
            {
              "title": "display product with past end date and last bid price",
              "fullTitle": "Page / display product with past end date and last bid price",
              "timedOut": null,
              "duration": 99,
              "state": "passed",
              "speed": "fast",
              "pass": true,
              "fail": false,
              "pending": false,
              "context": null,
              "code": "// Note : Vérifie que tous les éléments d'un produit sont bien affichés\n// Note : Si la date de fin est passée, afficher \"Terminé\"\n// Note : Si une offre existe pour le produit, afficher \"Prix actuel : <montant de l'offre>\"\n(0, _orm.createProduct)(\"past\").then(({\n  product\n}) => {\n  (0, _orm.createBid)(product.id, product.originalPrice, _tokens.bobToken).then(({\n    bid\n  }) => {\n    cy.visit(url);\n    cy.get(\"[data-test-product]\").should(\"have.length\", 18);\n    cy.get(`[data-test-product-name]:contains(\"${name}\")`).should(\"exist\").first().closest(\"[data-test-product]\").then(el => {\n      cy.wrap(el).find(\"[data-test-product-name]\").invoke(\"attr\", \"href\").should(\"include\", product.id);\n      cy.wrap(el).find(\"[data-test-product-description]\").should(\"have.text\", product.description);\n      cy.wrap(el).find(\"[data-test-product-seller]\").should(\"have.text\", \"alice\").invoke(\"attr\", \"href\").should(\"include\", _tokens.aliceId);\n      cy.wrap(el).find(\"[data-test-product-date]\").should(\"contain.text\", \"Terminé\");\n      cy.wrap(el).find(\"[data-test-product-price]\").should(\"contain.text\", \"Prix actuel\").should(\"contain.text\", \" \" + bid.price + \" €\");\n    });\n  }).catch(() => {\n    expect.fail(\"Bid creation fail\");\n  });\n});",
              "err": {},
              "uuid": "9dd2191e-0ab0-4bfd-9182-1537dfede380",
              "parentUUID": "0af81d4c-29cf-49db-9166-7ae840e7bdfa",
              "isHook": false,
              "skipped": false
            },
            {
              "title": "display product with futur end date and original price (cause there not yet any bid)",
              "fullTitle": "Page / display product with futur end date and original price (cause there not yet any bid)",
              "timedOut": null,
              "duration": 71,
              "state": "passed",
              "speed": "fast",
              "pass": true,
              "fail": false,
              "pending": false,
              "context": null,
              "code": "// Note : Vérifie que tous les éléments d'un produit sont bien affichés\n// Note : Si la date de fin n'est pas passée, afficher \"En cours jusqu'au <date de fin>\"\n// Note : Si aucune une offre n'existe pour le produit, afficher \"Prix de départ : <prix de départ>\"\n(0, _orm.createProduct)().then(({\n  product\n}) => {\n  cy.visit(url);\n  cy.get(\"[data-test-product]\").should(\"have.length\", 18);\n  cy.get(`[data-test-product-name]:contains(\"${name}\")`).should(\"exist\").first().closest(\"[data-test-product]\").then(el => {\n    cy.wrap(el).find(\"[data-test-product-description]\").should(\"have.text\", product.description);\n    cy.wrap(el).find(\"[data-test-product-seller]\").should(\"have.text\", \"alice\").invoke(\"attr\", \"href\").should(\"include\", _tokens.aliceId);\n    cy.wrap(el).find(\"[data-test-product-date]\").should(\"contain.text\", \"En cours jusqu'au\");\n    cy.wrap(el).find(\"[data-test-product-price]\").should(\"contain.text\", \"Prix de départ\").should(\"contain.text\", \" \" + product.originalPrice + \" €\");\n  });\n});",
              "err": {},
              "uuid": "7f3da641-644d-4cb9-924e-68901bcd0595",
              "parentUUID": "0af81d4c-29cf-49db-9166-7ae840e7bdfa",
              "isHook": false,
              "skipped": false
            },
            {
              "title": "filter by name",
              "fullTitle": "Page / filter by name",
              "timedOut": null,
              "duration": 934,
              "state": "passed",
              "speed": "fast",
              "pass": true,
              "fail": false,
              "pending": false,
              "context": null,
              "code": "// Note : Vérifie le filtrage par nom, insensible à la casse\ncy.visit(url);\ncy.get(\"[data-test-product]\").should(\"have.length\", 17);\ncy.get(\"[data-test-filter\").type(\"Lot\");\ncy.get(\"[data-test-product]\").should(\"have.length\", 3);\ncy.get(\"[data-test-filter\").type(\"{selectAll}{del}\");\ncy.get(\"[data-test-filter\").type(\"lot\");\ncy.get(\"[data-test-product]\").should(\"have.length\", 3);\ncy.get(\"[data-test-filter\").type(\"{selectAll}{del}\");\ncy.get(\"[data-test-filter\").type(\"lot de tasses\");\ncy.get(\"[data-test-product]\").should(\"have.length\", 1);",
              "err": {},
              "uuid": "0be4f111-dc1b-44ac-8431-1d25294987cf",
              "parentUUID": "0af81d4c-29cf-49db-9166-7ae840e7bdfa",
              "isHook": false,
              "skipped": false
            },
            {
              "title": "sort by name",
              "fullTitle": "Page / sort by name",
              "timedOut": null,
              "duration": 272,
              "state": "passed",
              "speed": "fast",
              "pass": true,
              "fail": false,
              "pending": false,
              "context": null,
              "code": "// Note : Vérifie le tri par nom, alphabétique de A à Z\ncy.visit(url);\ncy.get(\"[data-test-sorter]\").should(\"contain.text\", \"Trier par nom\");\ncy.get(\"[data-test-product]\").first().find(\"[data-test-product-name]\").should(\"have.text\", \"Ampli de guitare\");\ncy.get(\"[data-test-product]\").last().find(\"[data-test-product-name]\").should(\"have.text\", \"Théière design\");",
              "err": {},
              "uuid": "63490826-65f6-4dac-88d8-794f2d22197b",
              "parentUUID": "0af81d4c-29cf-49db-9166-7ae840e7bdfa",
              "isHook": false,
              "skipped": false
            },
            {
              "title": "sort by price",
              "fullTitle": "Page / sort by price",
              "timedOut": null,
              "duration": 446,
              "state": "passed",
              "speed": "fast",
              "pass": true,
              "fail": false,
              "pending": false,
              "context": null,
              "code": "// Note : Vérifie le tri par prix, numérique croissant\ncy.visit(url);\ncy.get(\"[data-test-sorter]\").click();\ncy.get(\"[data-test-sorter-price]\").click();\ncy.get(\"[data-test-sorter]\").should(\"contain.text\", \"Trier par prix\");\ncy.get(\"[data-test-product]\").first().find(\"[data-test-product-name]\").should(\"have.text\", \"Ananas\");\ncy.get(\"[data-test-product]\").last().find(\"[data-test-product-name]\").should(\"have.text\", \"Chaussures volantes\");",
              "err": {},
              "uuid": "0bba8d4c-4847-45cc-8573-d4c476dcc432",
              "parentUUID": "0af81d4c-29cf-49db-9166-7ae840e7bdfa",
              "isHook": false,
              "skipped": false
            },
            {
              "title": "loading",
              "fullTitle": "Page / loading",
              "timedOut": null,
              "duration": 200,
              "state": "passed",
              "speed": "fast",
              "pass": true,
              "fail": false,
              "pending": false,
              "context": null,
              "code": "// Note : Test la présence d'un spinner lors du chargement\ncy.intercept(\"http://localhost:3000/api/products\", {\n  delay: 10000\n});\ncy.visit(url);\ncy.get(\"[data-test-loading]\").should(\"exist\");\ncy.get(\"[data-test-error]\").should(\"not.exist\");\ncy.get(\"[data-test-product]\").should(\"not.exist\");",
              "err": {},
              "uuid": "6998d1bc-4989-4fda-9852-1562070695f1",
              "parentUUID": "0af81d4c-29cf-49db-9166-7ae840e7bdfa",
              "isHook": false,
              "skipped": false
            },
            {
              "title": "error message",
              "fullTitle": "Page / error message",
              "timedOut": null,
              "duration": 622,
              "state": "failed",
              "speed": null,
              "pass": false,
              "fail": true,
              "pending": false,
              "context": null,
              "code": "// Note : Test la présence d'un message d'erreur en cas d'échec au chargement\ncy.intercept(\"http://localhost:3000/api/products\", {\n  status: 500,\n  response: {}\n});\ncy.visit(url);\ncy.get(\"[data-test-loading]\").should(\"not.exist\");\ncy.get(\"[data-test-error]\").should(\"exist\");\ncy.get(\"[data-test-product]\").should(\"not.exist\");",
              "err": {
                "message": "TypeError: The following error originated from your application code, not from Cypress. It was caused by an unhandled promise rejection.\n\n  > filteredProducts.sort is not a function\n\nWhen Cypress detects uncaught errors originating from your application it will automatically fail the current test.\n\nThis behavior is configurable, and you can choose to turn this off by listening to the `uncaught:exception` event.\n\nhttps://on.cypress.io/uncaught-exception-from-application",
                "estack": "TypeError: The following error originated from your application code, not from Cypress. It was caused by an unhandled promise rejection.\n\n  > filteredProducts.sort is not a function\n\nWhen Cypress detects uncaught errors originating from your application it will automatically fail the current test.\n\nThis behavior is configurable, and you can choose to turn this off by listening to the `uncaught:exception` event.\n\nhttps://on.cypress.io/uncaught-exception-from-application\n    at <unknown> (http://localhost:5173/src/views/HomeView.vue:69:22)\n    at ReactiveEffect.fn (http://localhost:5173/node_modules/.vite/deps/chunk-2FDUVFJ5.js?v=cf380d9d:1237:13)\n    at ReactiveEffect.run (http://localhost:5173/node_modules/.vite/deps/chunk-2FDUVFJ5.js?v=cf380d9d:430:19)\n    at get value (http://localhost:5173/node_modules/.vite/deps/chunk-2FDUVFJ5.js?v=cf380d9d:1249:107)\n    at unref (http://localhost:5173/node_modules/.vite/deps/chunk-2FDUVFJ5.js?v=cf380d9d:1370:29)\n    at Object.get (http://localhost:5173/node_modules/.vite/deps/chunk-2FDUVFJ5.js?v=cf380d9d:1376:35)\n    at Proxy._sfc_render (http://localhost:5173/src/views/HomeView.vue:218:86)\n    at renderComponentRoot (http://localhost:5173/node_modules/.vite/deps/chunk-2FDUVFJ5.js?v=cf380d9d:2343:17)\n    at ReactiveEffect.componentUpdateFn [as fn] (http://localhost:5173/node_modules/.vite/deps/chunk-2FDUVFJ5.js?v=cf380d9d:7533:26)\n    at ReactiveEffect.run (http://localhost:5173/node_modules/.vite/deps/chunk-2FDUVFJ5.js?v=cf380d9d:430:19)",
                "diff": null
              },
              "uuid": "d75ad6b1-3a84-4974-aa54-f3cdbd5e0e88",
              "parentUUID": "0af81d4c-29cf-49db-9166-7ae840e7bdfa",
              "isHook": false,
              "skipped": false
            },
            {
              "title": "ready",
              "fullTitle": "Page / ready",
              "timedOut": null,
              "duration": 294,
              "state": "passed",
              "speed": "fast",
              "pass": true,
              "fail": false,
              "pending": false,
              "context": null,
              "code": "// Note : Test la présence du contenu après que tout est bien chargé\ncy.intercept(\"http://localhost:3000/api/products\");\ncy.visit(url);\ncy.get(\"[data-test-loading]\").should(\"not.exist\");\ncy.get(\"[data-test-error]\").should(\"not.exist\");\ncy.get(\"[data-test-product]\").should(\"exist\");",
              "err": {},
              "uuid": "0c385286-0ac2-4aeb-9bf6-474aebc722c0",
              "parentUUID": "0af81d4c-29cf-49db-9166-7ae840e7bdfa",
              "isHook": false,
              "skipped": false
            }
          ],
          "suites": [],
          "passes": [
            "b91eaa46-f3b4-467d-951d-35412da18250",
            "9dd2191e-0ab0-4bfd-9182-1537dfede380",
            "7f3da641-644d-4cb9-924e-68901bcd0595",
            "0be4f111-dc1b-44ac-8431-1d25294987cf",
            "63490826-65f6-4dac-88d8-794f2d22197b",
            "0bba8d4c-4847-45cc-8573-d4c476dcc432",
            "6998d1bc-4989-4fda-9852-1562070695f1",
            "0c385286-0ac2-4aeb-9bf6-474aebc722c0"
          ],
          "failures": [
            "d75ad6b1-3a84-4974-aa54-f3cdbd5e0e88"
          ],
          "pending": [],
          "skipped": [],
          "duration": 3649,
          "root": false,
          "rootEmpty": false,
          "_timeout": 2000
        }
      ],
      "passes": [],
      "failures": [],
      "pending": [],
      "skipped": [],
      "duration": 0,
      "root": true,
      "rootEmpty": true,
      "_timeout": 2000
    },
    {
      "uuid": "5f9b107d-1577-4e18-b922-c8c624ad9b2b",
      "title": "",
      "fullFile": "cypress\\e2e\\frontend\\user.cy.js",
      "file": "cypress\\e2e\\frontend\\user.cy.js",
      "beforeHooks": [],
      "afterHooks": [],
      "tests": [],
      "suites": [
        {
          "uuid": "8260cecf-8100-462f-bcdb-e143063479a4",
          "title": "Page /users/:userId",
          "fullFile": "",
          "file": "",
          "beforeHooks": [],
          "afterHooks": [],
          "tests": [
            {
              "title": "display products",
              "fullTitle": "Page /users/:userId display products",
              "timedOut": null,
              "duration": 163,
              "state": "passed",
              "speed": "fast",
              "pass": true,
              "fail": false,
              "pending": false,
              "context": null,
              "code": "// Note : Test le scénario de récupération et d'affichage des produits\n(0, _orm.createProduct)().then(({\n  product\n}) => {\n  cy.visit(`http://localhost:5173/users/${_tokens.aliceId}`);\n  cy.get(\"[data-test-product]\").should(\"have.length\", 8);\n  cy.get(\"[data-test-product]\").last().find(\"[data-test-product-name]\").should(\"have.text\", product.name).invoke(\"attr\", \"href\").should(\"contain\", product.id);\n  cy.get(\"[data-test-product]\").last().find(\"[data-test-product-description]\").should(\"have.text\", product.description);\n  cy.get(\"[data-test-product]\").last().find(\"[data-test-product-price]\").should(\"contain.text\", product.originalPrice + \" €\");\n  cy.get(\"[data-test-product]\").last().find(\"[data-test-product-picture]\").invoke(\"attr\", \"src\").should(\"eq\", product.pictureUrl);\n});",
              "err": {},
              "uuid": "87fe27f1-58a2-49de-94ac-dee13f948a5a",
              "parentUUID": "8260cecf-8100-462f-bcdb-e143063479a4",
              "isHook": false,
              "skipped": false
            },
            {
              "title": "display bids",
              "fullTitle": "Page /users/:userId display bids",
              "timedOut": null,
              "duration": 119,
              "state": "passed",
              "speed": "fast",
              "pass": true,
              "fail": false,
              "pending": false,
              "context": null,
              "code": "// Note : Test le scénario de récupération et d'affichage des offres\n(0, _orm.createProduct)(\"futur\", _tokens.bobToken).then(({\n  product\n}) => {\n  (0, _orm.createBid)(product.id, product.originalPrice, _tokens.aliceToken).then(({\n    bid\n  }) => {\n    cy.visit(`http://localhost:5173/users/${_tokens.aliceId}`);\n    cy.get(\"[data-test-bid]\").should(\"exist\");\n    cy.get(`[data-test-bid-product][href$=\"${product.id}\"]`).should(\"exist\").first().closest(\"[data-test-bid]\").then(el => {\n      cy.wrap(el).find(\"[data-test-bid-product]\").should(\"have.text\", product.name);\n      cy.wrap(el).find(\"[data-test-bid-price]\").should(\"have.text\", bid.price + \" €\");\n      cy.wrap(el).find(\"[data-test-bid-date]\").should(\"contain.text\", new Date().getDate()).should(\"contain.text\", new Date().getMonth() + 1).should(\"contain.text\", new Date().getFullYear());\n    });\n  });\n});",
              "err": {},
              "uuid": "93ada019-b762-4ffb-b4ed-94e4824374a2",
              "parentUUID": "8260cecf-8100-462f-bcdb-e143063479a4",
              "isHook": false,
              "skipped": false
            },
            {
              "title": "no admin badge",
              "fullTitle": "Page /users/:userId no admin badge",
              "timedOut": null,
              "duration": 3087,
              "state": "passed",
              "speed": "fast",
              "pass": true,
              "fail": false,
              "pending": false,
              "context": null,
              "code": "// Note : Vérifie qu'un utilisateur a un badge admin si et seulement si il est admin\ncy.visit(`http://localhost:5173/users/${_tokens.aliceId}`);\ncy.get(\"[data-test-admin]\").should(\"not.exist\");\ncy.visit(`http://localhost:5173/users/${_tokens.adminId}`);\ncy.get(\"[data-test-admin]\").should(\"exist\");",
              "err": {},
              "uuid": "92ae89fb-639d-4637-bfa6-beb03edf78a7",
              "parentUUID": "8260cecf-8100-462f-bcdb-e143063479a4",
              "isHook": false,
              "skipped": false
            },
            {
              "title": "loading",
              "fullTitle": "Page /users/:userId loading",
              "timedOut": null,
              "duration": 204,
              "state": "passed",
              "speed": "fast",
              "pass": true,
              "fail": false,
              "pending": false,
              "context": null,
              "code": "// Note : Vérifie la présence d'un spinner au chargement\ncy.intercept(`http://localhost:3000/api/users/${_tokens.aliceId}`, {\n  delay: 10000\n});\ncy.visit(`http://localhost:5173/users/${_tokens.aliceId}`);\ncy.get(\"[data-test-loading]\").should(\"exist\");\ncy.get(\"[data-test-view]\").should(\"not.exist\");\ncy.get(\"[data-test-error]\").should(\"not.exist\");",
              "err": {},
              "uuid": "bda79e99-b5ae-4c41-8b53-3d1678dddd35",
              "parentUUID": "8260cecf-8100-462f-bcdb-e143063479a4",
              "isHook": false,
              "skipped": false
            },
            {
              "title": "error",
              "fullTitle": "Page /users/:userId error",
              "timedOut": null,
              "duration": 617,
              "state": "failed",
              "speed": null,
              "pass": false,
              "fail": true,
              "pending": false,
              "context": null,
              "code": "// Note : Vérifie la présence d'une erreur en cas d'échec de chargement\ncy.intercept(`http://localhost:3000/api/users/${_tokens.aliceId}`, {\n  statusCode: 500\n});\ncy.visit(`http://localhost:5173/users/${_tokens.aliceId}`);\ncy.get(\"[data-test-error]\").should(\"exist\");\ncy.get(\"[data-test-loading]\").should(\"not.exist\");\ncy.get(\"[data-test-view]\").should(\"not.exist\");",
              "err": {
                "message": "SyntaxError: The following error originated from your application code, not from Cypress. It was caused by an unhandled promise rejection.\n\n  > Unexpected end of JSON input\n\nWhen Cypress detects uncaught errors originating from your application it will automatically fail the current test.\n\nThis behavior is configurable, and you can choose to turn this off by listening to the `uncaught:exception` event.\n\nhttps://on.cypress.io/uncaught-exception-from-application",
                "estack": "SyntaxError: The following error originated from your application code, not from Cypress. It was caused by an unhandled promise rejection.\n\n  > Unexpected end of JSON input\n\nWhen Cypress detects uncaught errors originating from your application it will automatically fail the current test.\n\nThis behavior is configurable, and you can choose to turn this off by listening to the `uncaught:exception` event.\n\nhttps://on.cypress.io/uncaught-exception-from-application\n    at getUser (http://localhost:5173/src/views/UserView.vue:69:27)",
                "diff": null
              },
              "uuid": "e924a4ac-a318-4d9d-908f-2b2e7c157fb4",
              "parentUUID": "8260cecf-8100-462f-bcdb-e143063479a4",
              "isHook": false,
              "skipped": false
            },
            {
              "title": "ready",
              "fullTitle": "Page /users/:userId ready",
              "timedOut": null,
              "duration": 2968,
              "state": "passed",
              "speed": "fast",
              "pass": true,
              "fail": false,
              "pending": false,
              "context": null,
              "code": "// Note : Vérifie la présence du contenu quand tout s'est bien chargé\ncy.visit(`http://localhost:5173/users/${_tokens.aliceId}`);\ncy.get(\"[data-test-error]\").should(\"not.exist\");\ncy.get(\"[data-test-loading]\").should(\"not.exist\");\ncy.get(\"[data-test-view]\").should(\"exist\");",
              "err": {},
              "uuid": "c1106750-ac0d-4f94-85b7-fda1d7b8a554",
              "parentUUID": "8260cecf-8100-462f-bcdb-e143063479a4",
              "isHook": false,
              "skipped": false
            }
          ],
          "suites": [],
          "passes": [
            "87fe27f1-58a2-49de-94ac-dee13f948a5a",
            "93ada019-b762-4ffb-b4ed-94e4824374a2",
            "92ae89fb-639d-4637-bfa6-beb03edf78a7",
            "bda79e99-b5ae-4c41-8b53-3d1678dddd35",
            "c1106750-ac0d-4f94-85b7-fda1d7b8a554"
          ],
          "failures": [
            "e924a4ac-a318-4d9d-908f-2b2e7c157fb4"
          ],
          "pending": [],
          "skipped": [],
          "duration": 7158,
          "root": false,
          "rootEmpty": false,
          "_timeout": 2000
        },
        {
          "uuid": "7fe0e0ff-4b2d-46d2-a8d5-1599dbc993f5",
          "title": "Page /users/me",
          "fullFile": "",
          "file": "",
          "beforeHooks": [],
          "afterHooks": [],
          "tests": [
            {
              "title": "me as alice",
              "fullTitle": "Page /users/me me as alice",
              "timedOut": null,
              "duration": 2947,
              "state": "passed",
              "speed": "fast",
              "pass": true,
              "fail": false,
              "pending": false,
              "context": null,
              "code": "// Note : Vérifie que le contenu de la page est bien celui de l'utilisateur courant\ncy.visit(`http://localhost:5173/users/me`, {\n  onBeforeLoad: function (window) {\n    window.localStorage.setItem(\"token\", _tokens.aliceToken);\n  }\n});\ncy.get(\"[data-test-username]\").should(\"contain.text\", \"alice\");\ncy.get(\"[data-test-product]\").should(\"have.length\", 7);",
              "err": {},
              "uuid": "503e560a-e551-4ea2-a3e1-cfd983ac602d",
              "parentUUID": "7fe0e0ff-4b2d-46d2-a8d5-1599dbc993f5",
              "isHook": false,
              "skipped": false
            },
            {
              "title": "me as bob",
              "fullTitle": "Page /users/me me as bob",
              "timedOut": null,
              "duration": 1188,
              "state": "passed",
              "speed": "fast",
              "pass": true,
              "fail": false,
              "pending": false,
              "context": null,
              "code": "// Note : Vérifie que le contenu de la page est bien celui de l'utilisateur courant\ncy.visit(`http://localhost:5173/users/me`, {\n  onBeforeLoad: function (window) {\n    window.localStorage.setItem(\"token\", _tokens.bobToken);\n  }\n});\ncy.get(\"[data-test-username]\").should(\"contain.text\", \"bob\");\ncy.get(\"[data-test-product]\").should(\"have.length\", 3);",
              "err": {},
              "uuid": "8d567248-5a23-4a41-81ba-30bc527f215a",
              "parentUUID": "7fe0e0ff-4b2d-46d2-a8d5-1599dbc993f5",
              "isHook": false,
              "skipped": false
            },
            {
              "title": "me as admin",
              "fullTitle": "Page /users/me me as admin",
              "timedOut": null,
              "duration": 218,
              "state": "passed",
              "speed": "fast",
              "pass": true,
              "fail": false,
              "pending": false,
              "context": null,
              "code": "// Note : Vérifie que le contenu de la page est bien celui de l'utilisateur courant\ncy.visit(`http://localhost:5173/users/me`, {\n  onBeforeLoad: function (window) {\n    window.localStorage.setItem(\"token\", _tokens.adminToken);\n  }\n});\ncy.get(\"[data-test-username]\").should(\"contain.text\", \"admin\");",
              "err": {},
              "uuid": "334026bc-6dbd-4df0-b971-272c937af0f4",
              "parentUUID": "7fe0e0ff-4b2d-46d2-a8d5-1599dbc993f5",
              "isHook": false,
              "skipped": false
            }
          ],
          "suites": [],
          "passes": [
            "503e560a-e551-4ea2-a3e1-cfd983ac602d",
            "8d567248-5a23-4a41-81ba-30bc527f215a",
            "334026bc-6dbd-4df0-b971-272c937af0f4"
          ],
          "failures": [],
          "pending": [],
          "skipped": [],
          "duration": 4353,
          "root": false,
          "rootEmpty": false,
          "_timeout": 2000
        }
      ],
      "passes": [],
      "failures": [],
      "pending": [],
      "skipped": [],
      "duration": 0,
      "root": true,
      "rootEmpty": true,
      "_timeout": 2000
    },
    {
      "uuid": "6d38090a-6972-45b4-b791-3acdb42d4d80",
      "title": "",
      "fullFile": "cypress\\e2e\\frontend\\view-product.cy.js",
      "file": "cypress\\e2e\\frontend\\view-product.cy.js",
      "beforeHooks": [],
      "afterHooks": [],
      "tests": [],
      "suites": [
        {
          "uuid": "bdefd19f-3e3a-46e2-8fdb-44c17fe61dce",
          "title": "Page /products/:productId",
          "fullFile": "",
          "file": "",
          "beforeHooks": [],
          "afterHooks": [],
          "tests": [
            {
              "title": "display product",
              "fullTitle": "Page /products/:productId display product",
              "timedOut": null,
              "duration": 160,
              "state": "passed",
              "speed": "fast",
              "pass": true,
              "fail": false,
              "pending": false,
              "context": null,
              "code": "// Note : Vérifie que tous les éléments du produit sont bien affichés\n(0, _orm.createProduct)().then(({\n  originalProduct,\n  product\n}) => {\n  cy.visit(`http://localhost:5173/products/${product.id}`);\n  cy.get(\"[data-test-product-name]\").should(\"have.text\", product.name);\n  cy.get(\"[data-test-product-description]\").should(\"have.text\", product.description);\n  cy.get(\"[data-test-product-picture]\").invoke(\"attr\", \"src\").should(\"eq\", product.pictureUrl);\n  cy.get(\"[data-test-product-price]\").should(\"contain.text\", product.originalPrice + \" €\");\n  cy.get(\"[data-test-product-end-date]\").should(\"contain.text\", originalProduct.endDate.toLocaleDateString(\"fr-FR\", {\n    year: \"numeric\",\n    month: \"long\",\n    day: \"numeric\"\n  }));\n  cy.get(\"[data-test-product-seller]\").should(\"have.text\", \"alice\").invoke(\"attr\", \"href\").should(\"contain\", _tokens.aliceId);\n});",
              "err": {},
              "uuid": "6e692f42-0f6b-49fd-8f33-5827b75dd2d2",
              "parentUUID": "bdefd19f-3e3a-46e2-8fdb-44c17fe61dce",
              "isHook": false,
              "skipped": false
            },
            {
              "title": "finished countdown",
              "fullTitle": "Page /products/:productId finished countdown",
              "timedOut": null,
              "duration": 105,
              "state": "passed",
              "speed": "fast",
              "pass": true,
              "fail": false,
              "pending": false,
              "context": null,
              "code": "// Note : Si la date de fin de vente est passée, on affiche \"Terminé\"\n(0, _orm.createProduct)(\"past\").then(({\n  product\n}) => {\n  cy.visit(`http://localhost:5173/products/${product.id}`);\n  cy.get(\"[data-test-countdown]\").should(\"contain.text\", \"Terminé\");\n});",
              "err": {},
              "uuid": "d9e5fead-4869-43d9-b79e-cb720467f96f",
              "parentUUID": "bdefd19f-3e3a-46e2-8fdb-44c17fe61dce",
              "isHook": false,
              "skipped": false
            },
            {
              "title": "not finished countdown",
              "fullTitle": "Page /products/:productId not finished countdown",
              "timedOut": null,
              "duration": 149,
              "state": "passed",
              "speed": "fast",
              "pass": true,
              "fail": false,
              "pending": false,
              "context": null,
              "code": "// Note : Si la date de fin de vente est passée, on n'affiche pas \"Terminé\"\n(0, _orm.createProduct)(\"futur\").then(({\n  product\n}) => {\n  cy.visit(`http://localhost:5173/products/${product.id}`);\n  cy.get(\"[data-test-countdown]\").should(\"not.contain.text\", \"Terminé\");\n});",
              "err": {},
              "uuid": "d9beb009-27d6-4a6f-a1d4-18468c6907a6",
              "parentUUID": "bdefd19f-3e3a-46e2-8fdb-44c17fe61dce",
              "isHook": false,
              "skipped": false
            },
            {
              "title": "display bids",
              "fullTitle": "Page /products/:productId display bids",
              "timedOut": null,
              "duration": 227,
              "state": "failed",
              "speed": null,
              "pass": false,
              "fail": true,
              "pending": false,
              "context": null,
              "code": "// Note : Vérifie que tous les éléments des offres du produit sont bien affichés\n(0, _orm.createBid)(_tokens.casserolesId, 200, _tokens.bobToken).then(({\n  bid\n}) => {\n  cy.visit(`http://localhost:5173/products/${_tokens.casserolesId}`);\n  cy.get(\"[data-test-bid]\").should(\"have.length\", 4);\n  cy.get(\"[data-test-bid]\").first().find(\"[data-test-bid-bidder]\").should(\"have.text\", \"charly\").invoke(\"attr\", \"href\").should(\"contain\", _tokens.charlyId);\n  cy.get(\"[data-test-bid]\").first().find(\"[data-test-bid-price]\").should(\"contain.text\", \"65 €\");\n  cy.get(\"[data-test-bid]\").last().find(\"[data-test-bid-bidder]\").should(\"have.text\", \"bob\").invoke(\"attr\", \"href\").should(\"contain\", _tokens.bobId);\n  cy.get(\"[data-test-bid]\").last().find(\"[data-test-bid-price]\").should(\"contain.text\", bid.price + \" €\");\n  cy.get(\"[data-test-bid]\").last().find(\"[data-test-bid-date]\").should(\"contain.text\", new Date().toLocaleDateString(\"fr-FR\", {\n    year: \"numeric\",\n    month: \"long\",\n    day: \"numeric\"\n  }));\n});",
              "err": {
                "message": "CypressError: `cy.request()` failed on:\n\nhttp://localhost:3000/api/products/a0f7c522-78f8-442e-a55d-642cfe566634/bids\n\nThe response we received from your web server was:\n\n  > 400: Bad Request\n\nThis was considered a failure because the status code was not `2xx` or `3xx`.\n\nIf you do not want status codes to cause failures pass the option: `failOnStatusCode: false`\n\n-----------------------------------------------------------\n\nThe request we sent was:\n\nMethod: POST\nURL: http://localhost:3000/api/products/a0f7c522-78f8-442e-a55d-642cfe566634/bids\nHeaders: {\n  \"Connection\": \"keep-alive\",\n  \"Authorization\": \"Bearer eyJhbGciOiJIUzI1NiIsInR5cCI6IkpXVCJ9.eyJpZCI6IjJmOGU5NDUwLWFlYWItNGVjZS1hOWJiLWZiNTIxMmYyODc1NSIsInVzZXJuYW1lIjoiYm9iIiwiZW1haWwiOiJib2JAZXhhbXBsZS5jb20iLCJhZG1pbiI6ZmFsc2UsImlhdCI6MTY3OTYxMzA4OH0.bbzc3eD-ZpOSlxG8vwtMTxPq1ZDzbKMDqRkv9NCTqr0\",\n  \"user-agent\": \"Mozilla/5.0 (Windows NT 10.0; Win64; x64) AppleWebKit/537.36 (KHTML, like Gecko) HeadlessChrome/123.0.0.0 Safari/537.36\",\n  \"accept\": \"*/*\",\n  \"accept-encoding\": \"gzip, deflate\",\n  \"content-type\": \"application/json\",\n  \"content-length\": 13\n}\nBody: {\"price\":215}\n\n-----------------------------------------------------------\n\nThe response we got was:\n\nStatus: 400 - Bad Request\nHeaders: {\n  \"x-powered-by\": \"Express\",\n  \"access-control-allow-origin\": \"*\",\n  \"content-type\": \"application/json; charset=utf-8\",\n  \"content-length\": \"75\",\n  \"etag\": \"W/\\\"4b-8K3b7zNX6NCTE0RF6SPLmLmHfKg\\\"\",\n  \"date\": \"Fri, 05 Apr 2024 13:38:15 GMT\",\n  \"connection\": \"keep-alive\",\n  \"keep-alive\": \"timeout=5\"\n}\nBody: {\n  \"error\": \"Invalid or missing fields\",\n  \"details\": [\n    \"Bid.date cannot be null\"\n  ]\n}\n\n\nhttps://on.cypress.io/request",
                "estack": "CypressError: `cy.request()` failed on:\n\nhttp://localhost:3000/api/products/a0f7c522-78f8-442e-a55d-642cfe566634/bids\n\nThe response we received from your web server was:\n\n  > 400: Bad Request\n\nThis was considered a failure because the status code was not `2xx` or `3xx`.\n\nIf you do not want status codes to cause failures pass the option: `failOnStatusCode: false`\n\n-----------------------------------------------------------\n\nThe request we sent was:\n\nMethod: POST\nURL: http://localhost:3000/api/products/a0f7c522-78f8-442e-a55d-642cfe566634/bids\nHeaders: {\n  \"Connection\": \"keep-alive\",\n  \"Authorization\": \"Bearer eyJhbGciOiJIUzI1NiIsInR5cCI6IkpXVCJ9.eyJpZCI6IjJmOGU5NDUwLWFlYWItNGVjZS1hOWJiLWZiNTIxMmYyODc1NSIsInVzZXJuYW1lIjoiYm9iIiwiZW1haWwiOiJib2JAZXhhbXBsZS5jb20iLCJhZG1pbiI6ZmFsc2UsImlhdCI6MTY3OTYxMzA4OH0.bbzc3eD-ZpOSlxG8vwtMTxPq1ZDzbKMDqRkv9NCTqr0\",\n  \"user-agent\": \"Mozilla/5.0 (Windows NT 10.0; Win64; x64) AppleWebKit/537.36 (KHTML, like Gecko) HeadlessChrome/123.0.0.0 Safari/537.36\",\n  \"accept\": \"*/*\",\n  \"accept-encoding\": \"gzip, deflate\",\n  \"content-type\": \"application/json\",\n  \"content-length\": 13\n}\nBody: {\"price\":215}\n\n-----------------------------------------------------------\n\nThe response we got was:\n\nStatus: 400 - Bad Request\nHeaders: {\n  \"x-powered-by\": \"Express\",\n  \"access-control-allow-origin\": \"*\",\n  \"content-type\": \"application/json; charset=utf-8\",\n  \"content-length\": \"75\",\n  \"etag\": \"W/\\\"4b-8K3b7zNX6NCTE0RF6SPLmLmHfKg\\\"\",\n  \"date\": \"Fri, 05 Apr 2024 13:38:15 GMT\",\n  \"connection\": \"keep-alive\",\n  \"keep-alive\": \"timeout=5\"\n}\nBody: {\n  \"error\": \"Invalid or missing fields\",\n  \"details\": [\n    \"Bid.date cannot be null\"\n  ]\n}\n\n\nhttps://on.cypress.io/request\n    at <unknown> (http://localhost:63086/__cypress/runner/cypress_runner.js:133123:72)\n    at tryCatcher (http://localhost:63086/__cypress/runner/cypress_runner.js:1807:23)\n    at Promise._settlePromiseFromHandler (http://localhost:63086/__cypress/runner/cypress_runner.js:1519:31)\n    at Promise._settlePromise (http://localhost:63086/__cypress/runner/cypress_runner.js:1576:18)\n    at Promise._settlePromise0 (http://localhost:63086/__cypress/runner/cypress_runner.js:1621:10)\n    at Promise._settlePromises (http://localhost:63086/__cypress/runner/cypress_runner.js:1701:18)\n    at _drainQueueStep (http://localhost:63086/__cypress/runner/cypress_runner.js:2407:12)\n    at _drainQueue (http://localhost:63086/__cypress/runner/cypress_runner.js:2400:9)\n    at Async._drainQueues (http://localhost:63086/__cypress/runner/cypress_runner.js:2416:5)\n    at Async.drainQueues (http://localhost:63086/__cypress/runner/cypress_runner.js:2286:14)\nFrom Your Spec Code:\n    at eval (webpack://frontend/./cypress/e2e/common/orm.js:68:7)\nat new Promise (<anonymous>)\n    at createBid (webpack://frontend/./cypress/e2e/common/orm.js:67:9)\n    at Context.eval (webpack://frontend/./cypress/e2e/frontend/view-product.cy.js:79:14)",
                "diff": null
              },
              "uuid": "c801c89a-9e40-4b93-9b92-d5d10b3b233c",
              "parentUUID": "bdefd19f-3e3a-46e2-8fdb-44c17fe61dce",
              "isHook": false,
              "skipped": false
            },
            {
              "title": "some bids",
              "fullTitle": "Page /products/:productId some bids",
              "timedOut": null,
              "duration": 731,
              "state": "passed",
              "speed": "fast",
              "pass": true,
              "fail": false,
              "pending": false,
              "context": null,
              "code": "// Note : Si au moins une offre existe, on affiche le tableau\ncy.visit(`http://localhost:5173/products/${_tokens.casserolesId}`);\ncy.get(\"[data-test-bids]\").should(\"exist\");\ncy.get(\"[data-test-no-bids]\").should(\"not.exist\");",
              "err": {},
              "uuid": "b16c76d3-9a42-4574-b1ab-3b6a28a3f040",
              "parentUUID": "bdefd19f-3e3a-46e2-8fdb-44c17fe61dce",
              "isHook": false,
              "skipped": false
            },
            {
              "title": "no bids",
              "fullTitle": "Page /products/:productId no bids",
              "timedOut": null,
              "duration": 76,
              "state": "passed",
              "speed": "fast",
              "pass": true,
              "fail": false,
              "pending": false,
              "context": null,
              "code": "(0, _orm.createProduct)().then(({\n  product\n}) => {\n  // Note : Si aucune une offre ,'existe, on masque le tableau\n  cy.visit(`http://localhost:5173/products/${product.id}`);\n  cy.get(\"[data-test-bids]\").should(\"not.exist\");\n  cy.get(\"[data-test-no-bids]\").should(\"exist\");\n});",
              "err": {},
              "uuid": "e23ce4fb-aef7-43b5-bf3e-9b3a5b8fcda8",
              "parentUUID": "bdefd19f-3e3a-46e2-8fdb-44c17fe61dce",
              "isHook": false,
              "skipped": false
            },
            {
              "title": "only seller and admin can edit or delete product",
              "fullTitle": "Page /products/:productId only seller and admin can edit or delete product",
              "timedOut": null,
              "duration": 426,
              "state": "passed",
              "speed": "fast",
              "pass": true,
              "fail": false,
              "pending": false,
              "context": null,
              "code": "// Note : Vérifie que l'admin a accès aux boutons d'édition et de suppression\n// Note : Vérifie que l'utilisateur vendeur du produit a accès aux boutons d'édition et de suppression\n// Note : Vérifie qu'un utilisateur non vendeur du produit n'a pas accès aux boutons d'édition et de suppression\ncy.visit(`http://localhost:5173/products/${_tokens.casserolesId}`, {\n  onBeforeLoad: function (window) {\n    window.localStorage.setItem(\"token\", _tokens.adminToken);\n  }\n});\ncy.get(\"[data-test-edit-product]\").should(\"exist\");\ncy.get(\"[data-test-delete-product]\").should(\"exist\");\ncy.visit(`http://localhost:5173/products/${_tokens.casserolesId}`, {\n  onBeforeLoad: function (window) {\n    window.localStorage.setItem(\"token\", _tokens.aliceToken);\n  }\n});\ncy.get(\"[data-test-edit-product]\").should(\"exist\");\ncy.get(\"[data-test-delete-product]\").should(\"exist\");\ncy.visit(`http://localhost:5173/products/${_tokens.casserolesId}`, {\n  onBeforeLoad: function (window) {\n    window.localStorage.setItem(\"token\", _tokens.bobToken);\n  }\n});\ncy.get(\"[data-test-edit-product]\").should(\"not.exist\");\ncy.get(\"[data-test-delete-product]\").should(\"not.exist\");",
              "err": {},
              "uuid": "0087adc0-9fae-4db5-b28d-de957b1f7056",
              "parentUUID": "bdefd19f-3e3a-46e2-8fdb-44c17fe61dce",
              "isHook": false,
              "skipped": false
            },
            {
              "title": "product edition button",
              "fullTitle": "Page /products/:productId product edition button",
              "timedOut": null,
              "duration": 203,
              "state": "passed",
              "speed": "fast",
              "pass": true,
              "fail": false,
              "pending": false,
              "context": null,
              "code": "// Note : Vérifie que bouton d'édition d'un produit cible le bon endroit\ncy.visit(`http://localhost:5173/products/${_tokens.casserolesId}`, {\n  onBeforeLoad: function (window) {\n    window.localStorage.setItem(\"token\", _tokens.aliceToken);\n  }\n});\ncy.get(\"[data-test-edit-product]\").should(\"exist\").invoke(\"attr\", \"href\").should(\"contain\", _tokens.casserolesId).should(\"contain\", \"/edit\");",
              "err": {},
              "uuid": "7683794b-eff9-4706-8bfc-e013f007ffeb",
              "parentUUID": "bdefd19f-3e3a-46e2-8fdb-44c17fe61dce",
              "isHook": false,
              "skipped": false
            },
            {
              "title": "product deletion button",
              "fullTitle": "Page /products/:productId product deletion button",
              "timedOut": null,
              "duration": 190,
              "state": "passed",
              "speed": "fast",
              "pass": true,
              "fail": false,
              "pending": false,
              "context": null,
              "code": "// Note : Vérifie que bouton de suppression d'un produit supprime bien le produit\ncy.visit(`http://localhost:5173/products/${_tokens.casserolesId}`, {\n  onBeforeLoad: function (window) {\n    window.localStorage.setItem(\"token\", _tokens.aliceToken);\n  }\n});\n(0, _orm.getProducts)().then(({\n  products: productsBeforeDeletion\n}) => {\n  cy.get(\"[data-test-delete-product]\").click();\n  (0, _orm.getProducts)().then(({\n    products: productsAfterDeletion\n  }) => {\n    expect(productsBeforeDeletion.length).to.be.greaterThan(productsAfterDeletion.length);\n  });\n});",
              "err": {},
              "uuid": "875dfe3c-07cc-4470-9d2a-9fa226b1bc99",
              "parentUUID": "bdefd19f-3e3a-46e2-8fdb-44c17fe61dce",
              "isHook": false,
              "skipped": false
            },
            {
              "title": "admin can delete bid",
              "fullTitle": "Page /products/:productId admin can delete bid",
              "timedOut": null,
              "duration": 176,
              "state": "passed",
              "speed": "fast",
              "pass": true,
              "fail": false,
              "pending": false,
              "context": null,
              "code": "// Note : Vérifie que l'admin peut supprimer n'importe quel offre\ncy.visit(`http://localhost:5173/products/${_tokens.casserolesId}`, {\n  onBeforeLoad: function (window) {\n    window.localStorage.setItem(\"token\", _tokens.adminToken);\n  }\n});\ncy.get(\"[data-test-delete-bid]\").should(\"have.length\", 3);",
              "err": {},
              "uuid": "59599df5-4e7b-42a1-9fef-56a4e04c0267",
              "parentUUID": "bdefd19f-3e3a-46e2-8fdb-44c17fe61dce",
              "isHook": false,
              "skipped": false
            },
            {
              "title": "bidder can delete bid",
              "fullTitle": "Page /products/:productId bidder can delete bid",
              "timedOut": null,
              "duration": 334,
              "state": "passed",
              "speed": "fast",
              "pass": true,
              "fail": false,
              "pending": false,
              "context": null,
              "code": "// Note : Vérifie qu'une offre est supprimable par l'utilisateur l'ayant fait\ncy.visit(`http://localhost:5173/products/${_tokens.casserolesId}`, {\n  onBeforeLoad: function (window) {\n    window.localStorage.setItem(\"token\", _tokens.bobToken);\n  }\n});\ncy.get(\"[data-test-delete-bid]\").should(\"have.length\", 1);\ncy.visit(`http://localhost:5173/products/${_tokens.casserolesId}`, {\n  onBeforeLoad: function (window) {\n    window.localStorage.setItem(\"token\", _tokens.charlyToken);\n  }\n});\ncy.get(\"[data-test-delete-bid]\").should(\"have.length\", 2);",
              "err": {},
              "uuid": "6346d863-5898-4a9e-be16-1c8cff839b48",
              "parentUUID": "bdefd19f-3e3a-46e2-8fdb-44c17fe61dce",
              "isHook": false,
              "skipped": false
            },
            {
              "title": "not bidder cannot delete bid",
              "fullTitle": "Page /products/:productId not bidder cannot delete bid",
              "timedOut": null,
              "duration": 184,
              "state": "passed",
              "speed": "fast",
              "pass": true,
              "fail": false,
              "pending": false,
              "context": null,
              "code": "// Note : Vérifie qu'une offre n'est supprimable par un utilisateur ne l'ayant pas fait\ncy.visit(`http://localhost:5173/products/${_tokens.casserolesId}`, {\n  onBeforeLoad: function (window) {\n    window.localStorage.setItem(\"token\", _tokens.aliceToken);\n  }\n});\ncy.get(\"[data-test-delete-bid]\").should(\"have.length\", 0);",
              "err": {},
              "uuid": "98304c42-1405-443b-9b9d-cc1484e699e1",
              "parentUUID": "bdefd19f-3e3a-46e2-8fdb-44c17fe61dce",
              "isHook": false,
              "skipped": false
            },
            {
              "title": "bid deletion button",
              "fullTitle": "Page /products/:productId bid deletion button",
              "timedOut": null,
              "duration": 261,
              "state": "passed",
              "speed": "fast",
              "pass": true,
              "fail": false,
              "pending": false,
              "context": null,
              "code": "// Note : Vérifie que le bouton de suppression d'une offre fonctionne bien\ncy.visit(`http://localhost:5173/products/${_tokens.casserolesId}`, {\n  onBeforeLoad: function (window) {\n    window.localStorage.setItem(\"token\", _tokens.bobToken);\n  }\n});\ncy.get(\"[data-test-delete-bid]\").should(\"have.length\", 1);\n(0, _orm.getProduct)(_tokens.casserolesId).then(({\n  product: productBeforeBidDeletion\n}) => {\n  cy.get(\"[data-test-delete-bid]\").click();\n  cy.get(\"[data-test-delete-bid]\").should(\"have.length\", 0);\n  (0, _orm.getProduct)(_tokens.casserolesId).then(({\n    product: productAfterBidDeletion\n  }) => {\n    expect(productBeforeBidDeletion.bids.length).to.be.greaterThan(productAfterBidDeletion.bids.length);\n  });\n});",
              "err": {},
              "uuid": "eb8466a0-cf42-47ce-95e8-1289bc651817",
              "parentUUID": "bdefd19f-3e3a-46e2-8fdb-44c17fe61dce",
              "isHook": false,
              "skipped": false
            },
            {
              "title": "only seller cannot add a bid",
              "fullTitle": "Page /products/:productId only seller cannot add a bid",
              "timedOut": null,
              "duration": 357,
              "state": "passed",
              "speed": "fast",
              "pass": true,
              "fail": false,
              "pending": false,
              "context": null,
              "code": "// Note : Vérifie que le vendeur ne peut pas faire d'offre sur son produit\n// Note : Vérifie qu'un non-vendeur peut faire une offre sur le produit\ncy.visit(`http://localhost:5173/products/${_tokens.casserolesId}`, {\n  onBeforeLoad: function (window) {\n    window.localStorage.setItem(\"token\", _tokens.aliceToken);\n  }\n});\ncy.get(\"[data-test-submit-bid]\").should(\"not.exist\");\ncy.visit(`http://localhost:5173/products/${_tokens.casserolesId}`, {\n  onBeforeLoad: function (window) {\n    window.localStorage.setItem(\"token\", _tokens.bobToken);\n  }\n});\ncy.get(\"[data-test-submit-bid]\").should(\"exist\");",
              "err": {},
              "uuid": "4571b413-a803-44a3-9f2d-23d4f8302701",
              "parentUUID": "bdefd19f-3e3a-46e2-8fdb-44c17fe61dce",
              "isHook": false,
              "skipped": false
            },
            {
              "title": "require minimum bid amount",
              "fullTitle": "Page /products/:productId require minimum bid amount",
              "timedOut": null,
              "duration": 657,
              "state": "passed",
              "speed": "fast",
              "pass": true,
              "fail": false,
              "pending": false,
              "context": null,
              "code": "// Note : Vérifie que le formulaire d'offre est validable seulement quand l'offre est supérieur au prix de départ et à la plus haute offre\ncy.visit(`http://localhost:5173/products/${_tokens.casserolesId}`, {\n  onBeforeLoad: function (window) {\n    window.localStorage.setItem(\"token\", _tokens.bobToken);\n  }\n});\ncy.get(\"[data-test-bid-form-price]\").type(\"{selectAll}{del}\").type(100);\ncy.get(\"[data-test-submit-bid]\").should(\"have.attr\", \"disabled\");\ncy.get(\"[data-test-bid-form-price]\").type(\"{selectAll}{del}\").type(200);\ncy.get(\"[data-test-submit-bid]\").should(\"not.have.attr\", \"disabled\");",
              "err": {},
              "uuid": "01a3e599-1437-45ed-89e6-6357c139d202",
              "parentUUID": "bdefd19f-3e3a-46e2-8fdb-44c17fe61dce",
              "isHook": false,
              "skipped": false
            },
            {
              "title": "preset minimum bid amount",
              "fullTitle": "Page /products/:productId preset minimum bid amount",
              "timedOut": null,
              "duration": 86,
              "state": "passed",
              "speed": "fast",
              "pass": true,
              "fail": false,
              "pending": false,
              "context": null,
              "code": "// Note : Vérifie que le formulaire d'offre vaut part défaut le prix de la plus haute offre + 1€\n(0, _orm.createProduct)(\"futur\", _tokens.aliceToken).then(({\n  product\n}) => {\n  (0, _orm.createBid)(product.id, product.originalPrice, _tokens.bobToken).then(({\n    bid\n  }) => {\n    cy.visit(`http://localhost:5173/products/${product.id}`, {\n      onBeforeLoad: function (window) {\n        window.localStorage.setItem(\"token\", _tokens.charlyToken);\n      }\n    });\n    cy.get(\"[data-test-bid-form-price]\").should(\"have.value\", bid.price + 1);\n  });\n});",
              "err": {},
              "uuid": "5d6aad80-5aec-47d8-9346-8af61954e08a",
              "parentUUID": "bdefd19f-3e3a-46e2-8fdb-44c17fe61dce",
              "isHook": false,
              "skipped": false
            },
            {
              "title": "add a bid",
              "fullTitle": "Page /products/:productId add a bid",
              "timedOut": null,
              "duration": 491,
              "state": "passed",
              "speed": "fast",
              "pass": true,
              "fail": false,
              "pending": false,
              "context": null,
              "code": "// Note : Vérifie que la soumission du formulaire d'offre ajoute bien une offre\ncy.visit(`http://localhost:5173/products/${_tokens.casserolesId}`, {\n  onBeforeLoad: function (window) {\n    window.localStorage.setItem(\"token\", _tokens.bobToken);\n  }\n});\ncy.get(\"[data-test-bid-form-price]\").type(\"{selectAll}{del}\").type(200);\n(0, _orm.getProduct)(_tokens.casserolesId).then(({\n  product: productBeforeBidAddition\n}) => {\n  cy.get(\"[data-test-submit-bid]\").click();\n  (0, _orm.getProduct)(_tokens.casserolesId).then(({\n    product: productAfterBidAddition\n  }) => {\n    expect(productAfterBidAddition.bids.length).greaterThan(productBeforeBidAddition.bids.length);\n    const lastBid = productAfterBidAddition.bids[productAfterBidAddition.bids.length - 1];\n    expect(lastBid.price).to.eq(200);\n  });\n});",
              "err": {},
              "uuid": "e69144e7-ac5e-4efa-a0f4-d42ceec8c901",
              "parentUUID": "bdefd19f-3e3a-46e2-8fdb-44c17fe61dce",
              "isHook": false,
              "skipped": false
            },
            {
              "title": "pending countdown",
              "fullTitle": "Page /products/:productId pending countdown",
              "timedOut": null,
              "duration": 98,
              "state": "passed",
              "speed": "fast",
              "pass": true,
              "fail": false,
              "pending": false,
              "context": null,
              "code": "// Note : Vérifie le décompte du compte à rebours, afficher au format 9j 23h 59m 59s\n(0, _orm.createProduct)(\"ten_days_later\").then(({\n  product\n}) => {\n  cy.visit(`http://localhost:5173/products/${product.id}`);\n  cy.get(\"[data-test-countdown]\").should(\"contain.text\", \"9j 23h 59min\");\n  cy.get(\"[data-test-countdown]\").then(el => {\n    const instantOne = el.text();\n    expect(instantOne).to.match(/\\ds$/);\n    // eslint-disable-next-line cypress/no-unnecessary-waiting\n    cy.wait(1000);\n    cy.get(\"[data-test-countdown]\").then(el => {\n      const instantTwo = el.text();\n      expect(instantOne).to.match(/\\ds$/);\n      // eslint-disable-next-line cypress/no-unnecessary-waiting\n      cy.wait(1000);\n      expect(instantTwo).not.eq(instantOne);\n      cy.get(\"[data-test-countdown]\").then(el => {\n        const instantThree = el.text();\n        expect(instantOne).to.match(/\\ds$/);\n        // eslint-disable-next-line cypress/no-unnecessary-waiting\n        cy.wait(1000);\n        expect(instantThree).not.eq(instantTwo);\n      });\n    });\n  });\n});",
              "err": {},
              "uuid": "04a4f6d8-9de5-45cd-8d3a-a92426c449c7",
              "parentUUID": "bdefd19f-3e3a-46e2-8fdb-44c17fe61dce",
              "isHook": false,
              "skipped": false
            },
            {
              "title": "loading",
              "fullTitle": "Page /products/:productId loading",
              "timedOut": null,
              "duration": 186,
              "state": "passed",
              "speed": "fast",
              "pass": true,
              "fail": false,
              "pending": false,
              "context": null,
              "code": "// Note : Vérifie la présence d'un spinner au chargement\ncy.intercept(\"http://localhost:3000/api/products\", {\n  delay: 10000\n});\ncy.visit(`http://localhost:5173/products/${_tokens.casserolesId}`);\ncy.get(\"[data-test-loading]\").should(\"exist\");\ncy.get(\"[data-test-error]\").should(\"not.exist\");\ncy.get(\"[data-test-product]\").should(\"not.exist\");",
              "err": {},
              "uuid": "84b245c4-ac54-4207-aa06-30fa3a72bd22",
              "parentUUID": "bdefd19f-3e3a-46e2-8fdb-44c17fe61dce",
              "isHook": false,
              "skipped": false
            },
            {
              "title": "error message",
              "fullTitle": "Page /products/:productId error message",
              "timedOut": null,
              "duration": 333,
              "state": "failed",
              "speed": null,
              "pass": false,
              "fail": true,
              "pending": false,
              "context": null,
              "code": "// Note : Vérifie la présence d'une erreur en cas d'échec de chargement\ncy.intercept(`http://localhost:3000/api/products/${_tokens.casserolesId}`, {\n  status: 500,\n  response: {}\n});\ncy.visit(`http://localhost:5173/products/${_tokens.casserolesId}`);\ncy.get(\"[data-test-loading]\").should(\"not.exist\");\ncy.get(\"[data-test-error]\").should(\"exist\");\ncy.get(\"[data-test-product]\").should(\"not.exist\");",
              "err": {
                "message": "TypeError: The following error originated from your application code, not from Cypress. It was caused by an unhandled promise rejection.\n\n  > Cannot read properties of undefined (reading 'id')\n\nWhen Cypress detects uncaught errors originating from your application it will automatically fail the current test.\n\nThis behavior is configurable, and you can choose to turn this off by listening to the `uncaught:exception` event.\n\nhttps://on.cypress.io/uncaught-exception-from-application",
                "estack": "TypeError: The following error originated from your application code, not from Cypress. It was caused by an unhandled promise rejection.\n\n  > Cannot read properties of undefined (reading 'id')\n\nWhen Cypress detects uncaught errors originating from your application it will automatically fail the current test.\n\nThis behavior is configurable, and you can choose to turn this off by listening to the `uncaught:exception` event.\n\nhttps://on.cypress.io/uncaught-exception-from-application\n    at Proxy._sfc_render (http://localhost:5173/src/views/ProductView.vue:346:79)\n    at renderComponentRoot (http://localhost:5173/node_modules/.vite/deps/chunk-2FDUVFJ5.js?v=cf380d9d:2343:17)\n    at ReactiveEffect.componentUpdateFn [as fn] (http://localhost:5173/node_modules/.vite/deps/chunk-2FDUVFJ5.js?v=cf380d9d:7533:26)\n    at ReactiveEffect.run (http://localhost:5173/node_modules/.vite/deps/chunk-2FDUVFJ5.js?v=cf380d9d:430:19)\n    at instance.update (http://localhost:5173/node_modules/.vite/deps/chunk-2FDUVFJ5.js?v=cf380d9d:7586:17)\n    at callWithErrorHandling (http://localhost:5173/node_modules/.vite/deps/chunk-2FDUVFJ5.js?v=cf380d9d:1660:33)\n    at flushJobs (http://localhost:5173/node_modules/.vite/deps/chunk-2FDUVFJ5.js?v=cf380d9d:1866:9)",
                "diff": null
              },
              "uuid": "7adf617e-9930-450b-af03-1f66e88fcead",
              "parentUUID": "bdefd19f-3e3a-46e2-8fdb-44c17fe61dce",
              "isHook": false,
              "skipped": false
            },
            {
              "title": "ready",
              "fullTitle": "Page /products/:productId ready",
              "timedOut": null,
              "duration": 223,
              "state": "passed",
              "speed": "fast",
              "pass": true,
              "fail": false,
              "pending": false,
              "context": null,
              "code": "// Note : Vérifie la présence du contenu quand tout s'est bien chargé\ncy.intercept(`http://localhost:3000/api/products/${_tokens.casserolesId}`);\ncy.visit(`http://localhost:5173/products/${_tokens.casserolesId}`);\ncy.get(\"[data-test-loading]\").should(\"not.exist\");\ncy.get(\"[data-test-error]\").should(\"not.exist\");\ncy.get(\"[data-test-product]\").should(\"exist\");",
              "err": {},
              "uuid": "045d4608-10ae-4787-b66f-987d1e54a803",
              "parentUUID": "bdefd19f-3e3a-46e2-8fdb-44c17fe61dce",
              "isHook": false,
              "skipped": false
            }
          ],
          "suites": [],
          "passes": [
            "6e692f42-0f6b-49fd-8f33-5827b75dd2d2",
            "d9e5fead-4869-43d9-b79e-cb720467f96f",
            "d9beb009-27d6-4a6f-a1d4-18468c6907a6",
            "b16c76d3-9a42-4574-b1ab-3b6a28a3f040",
            "e23ce4fb-aef7-43b5-bf3e-9b3a5b8fcda8",
            "0087adc0-9fae-4db5-b28d-de957b1f7056",
            "7683794b-eff9-4706-8bfc-e013f007ffeb",
            "875dfe3c-07cc-4470-9d2a-9fa226b1bc99",
            "59599df5-4e7b-42a1-9fef-56a4e04c0267",
            "6346d863-5898-4a9e-be16-1c8cff839b48",
            "98304c42-1405-443b-9b9d-cc1484e699e1",
            "eb8466a0-cf42-47ce-95e8-1289bc651817",
            "4571b413-a803-44a3-9f2d-23d4f8302701",
            "01a3e599-1437-45ed-89e6-6357c139d202",
            "5d6aad80-5aec-47d8-9346-8af61954e08a",
            "e69144e7-ac5e-4efa-a0f4-d42ceec8c901",
            "04a4f6d8-9de5-45cd-8d3a-a92426c449c7",
            "84b245c4-ac54-4207-aa06-30fa3a72bd22",
            "045d4608-10ae-4787-b66f-987d1e54a803"
          ],
          "failures": [
            "c801c89a-9e40-4b93-9b92-d5d10b3b233c",
            "7adf617e-9930-450b-af03-1f66e88fcead"
          ],
          "pending": [],
          "skipped": [],
          "duration": 5653,
          "root": false,
          "rootEmpty": false,
          "_timeout": 2000
        }
      ],
      "passes": [],
      "failures": [],
      "pending": [],
      "skipped": [],
      "duration": 0,
      "root": true,
      "rootEmpty": true,
      "_timeout": 2000
    },
    {
      "uuid": "25cb52ea-abaf-491e-8294-9d4adcddfd88",
      "title": "",
      "fullFile": "cypress\\e2e\\meta\\authors.cy.js",
      "file": "cypress\\e2e\\meta\\authors.cy.js",
      "beforeHooks": [],
      "afterHooks": [],
      "tests": [],
      "suites": [
        {
          "uuid": "525432da-0039-4367-9256-1e91b99b02b3",
          "title": "Meta",
          "fullFile": "",
          "file": "",
          "beforeHooks": [],
          "afterHooks": [],
          "tests": [
            {
              "title": "Remplisser les infos de votre groupe dans frontend/meta/authors.js",
              "fullTitle": "Meta Remplisser les infos de votre groupe dans frontend/meta/authors.js",
              "timedOut": null,
              "duration": 132,
              "state": "failed",
              "speed": null,
              "pass": false,
              "fail": true,
              "pending": false,
              "context": null,
              "code": "expect(_authors.authors).to.not.deep.eq([\"John Doe (p12345678)\", \"Jane Doe (p12345678)\"]);\nexpect(_authors.group).to.oneOf([1, 2, 3]);",
              "err": {
                "message": "AssertionError: expected 18 to be one of [ 1, 2, 3 ]",
                "estack": "AssertionError: expected 18 to be one of [ 1, 2, 3 ]\n    at Context.eval (webpack://frontend/./cypress/e2e/meta/authors.cy.js:10:21)",
                "diff": "- 18\n+ [ 1, 2, 3 ]\n"
              },
              "uuid": "84a4be4d-6c06-4959-bbc5-bfec81d48361",
              "parentUUID": "525432da-0039-4367-9256-1e91b99b02b3",
              "isHook": false,
              "skipped": false
            }
          ],
          "suites": [],
          "passes": [],
          "failures": [
            "84a4be4d-6c06-4959-bbc5-bfec81d48361"
          ],
          "pending": [],
          "skipped": [],
          "duration": 132,
          "root": false,
          "rootEmpty": false,
          "_timeout": 2000
        }
      ],
      "passes": [],
      "failures": [],
      "pending": [],
      "skipped": [],
      "duration": 0,
      "root": true,
      "rootEmpty": true,
      "_timeout": 2000
    }
  ],
  "meta": {
    "mocha": {
      "version": "7.0.1"
    },
    "mochawesome": {
      "options": {
        "quiet": false,
        "reportFilename": "mochawesome",
        "saveHtml": false,
        "saveJson": true,
        "consoleReporter": "spec",
        "useInlineDiffs": false,
        "code": true
      },
      "version": "7.1.3"
    },
    "marge": {
      "options": {
        "reportDir": "cypress/results",
        "overwrite": false,
        "html": false,
        "json": true
      },
      "version": "6.2.0"
    }
  }
}